2022-02-13T16:35:48+00:00 CRITICAL Uncaught TypeError: call_user_func_array(): Argument #1 ($function) must be a valid callback, function "eco_alt_quantity_plus" not found or invalid function name in C:\MAMP\htdocs\Eco-alt\wp-includes\class-wp-hook.php:303
Stack trace:
#0 C:\MAMP\htdocs\Eco-alt\wp-includes\class-wp-hook.php(327): WP_Hook->apply_filters('', Array)
#1 C:\MAMP\htdocs\Eco-alt\wp-includes\plugin.php(470): WP_Hook->do_action(Array)
#2 C:\MAMP\htdocs\Eco-alt\wp-content\themes\eco-alt\woocommerce\cart\cart.php(57): do_action('woocommerce_bef...')
#3 C:\MAMP\htdocs\Eco-alt\wp-content\plugins\woocommerce\includes\wc-core-functions.php(345): include('C:\\MAMP\\htdocs\\...')
#4 C:\MAMP\htdocs\Eco-alt\wp-content\plugins\woocommerce\includes\shortcodes\class-wc-shortcode-cart.php(99): wc_get_template('cart/cart.php')
#5 C:\MAMP\htdocs\Eco-alt\wp-content\plugins\woocommerce\includes\class-wc-shortcodes.php(72): WC_Shortcode_Cart::output(Array)
#6 C:\MAMP\htdocs\Eco-alt\wp-content\plugins\woocommerce\includes\class-wc-shortcodes.php(85): WC_Shortcodes::shortcode_wrapper(Array)
#7 C:\MAMP\htdocs\Eco-alt\wp-includes\shortcodes.php(356): WC_Shortcodes::cart('', '', 'woocommerce_car...')
#8 [internal function]: do_shortcode_tag(Array)
#9 C:\MAMP\htdocs\Eco-alt\wp-includes\shortcodes.php(228): preg_replace_callback('/\\[(\\[?)(woocom...', 'do_shortcode_ta...', '[woocommerce_ca...')
#10 C:\MAMP\htdocs\Eco-alt\wp-includes\class-wp-hook.php(303): do_shortcode('[woocommerce_ca...')
#11 C:\MAMP\htdocs\Eco-alt\wp-includes\plugin.php(189): WP_Hook->apply_filters('[woocommerce_ca...', Array)
#12 C:\MAMP\htdocs\Eco-alt\wp-includes\post-template.php(253): apply_filters('the_content', '<!-- wp:shortco...')
#13 C:\MAMP\htdocs\Eco-alt\wp-content\themes\eco-alt\template-parts\content-page.php(21): the_content()
#14 C:\MAMP\htdocs\Eco-alt\wp-includes\template.php(772): require('C:\\MAMP\\htdocs\\...')
#15 C:\MAMP\htdocs\Eco-alt\wp-includes\template.php(716): load_template('C:\\MAMP\\htdocs\\...', false, Array)
#16 C:\MAMP\htdocs\Eco-alt\wp-includes\general-template.php(204): locate_template(Array, true, false, Array)
#17 C:\MAMP\htdocs\Eco-alt\wp-content\themes\eco-alt\page.php(24): get_template_part('template-parts/...', 'page')
#18 C:\MAMP\htdocs\Eco-alt\wp-includes\template-loader.php(106): include('C:\\MAMP\\htdocs\\...')
#19 C:\MAMP\htdocs\Eco-alt\wp-blog-header.php(19): require_once('C:\\MAMP\\htdocs\\...')
#20 C:\MAMP\htdocs\Eco-alt\index.php(17): require('C:\\MAMP\\htdocs\\...')
#21 {main}
  thrown in C:\MAMP\htdocs\Eco-alt\wp-includes\class-wp-hook.php on line 303

