2022-02-12T22:17:07+00:00 CRITICAL Uncaught Error: Call to a member function get_attribute() on null in C:\MAMP\htdocs\Eco-alt\wp-content\themes\eco-alt\woocommerce\cart\cart.php:69
Stack trace:
#0 C:\MAMP\htdocs\Eco-alt\wp-content\plugins\woocommerce\includes\wc-core-functions.php(345): include()
#1 C:\MAMP\htdocs\Eco-alt\wp-content\plugins\woocommerce\includes\shortcodes\class-wc-shortcode-cart.php(99): wc_get_template('cart/cart.php')
#2 C:\MAMP\htdocs\Eco-alt\wp-content\plugins\woocommerce\includes\class-wc-shortcodes.php(72): WC_Shortcode_Cart::output(Array)
#3 C:\MAMP\htdocs\Eco-alt\wp-content\plugins\woocommerce\includes\class-wc-shortcodes.php(85): WC_Shortcodes::shortcode_wrapper(Array)
#4 C:\MAMP\htdocs\Eco-alt\wp-includes\shortcodes.php(356): WC_Shortcodes::cart('', '', 'woocommerce_car...')
#5 [internal function]: do_shortcode_tag(Array)
#6 C:\MAMP\htdocs\Eco-alt\wp-includes\shortcodes.php(228): preg_replace_callback('/\\[(\\[?)(woocom...', 'do_shortcode_ta...', '[woocommerce_ca...')
#7 C:\MAMP\htdocs\Eco-alt\wp-includes\class-wp-hook.php(303): do_shortcode('[woocommerce_ca...')
#8 C:\MAMP\htdocs\Eco-alt\wp-includes\plugin.php(189): WP_Hook->apply_filters('[woocommerce_ca...', Array)
#9 C:\MAMP\htdocs\Eco-alt\wp-includes\post-template.php(253): apply_filters('the_content', '<!-- wp:shortco...')
#10 C:\MAMP\htdocs\Eco-alt\wp-content\themes\eco-alt\template-parts\content-page.php(21): the_content()
#11 C:\MAMP\htdocs\Eco-alt\wp-includes\template.php(772): require('C:\\MAMP\\htdocs\\...')
#12 C:\MAMP\htdocs\Eco-alt\wp-includes\template.php(716): load_template('C:\\MAMP\\htdocs\\...', false, Array)
#13 C:\MAMP\htdocs\Eco-alt\wp-includes\general-template.php(204): locate_template(Array, true, false, Array)
#14 C:\MAMP\htdocs\Eco-alt\wp-content\themes\eco-alt\page.php(24): get_template_part('template-parts/...', 'page')
#15 C:\MAMP\htdocs\Eco-alt\wp-includes\template-loader.php(106): include('C:\\MAMP\\htdocs\\...')
#16 C:\MAMP\htdocs\Eco-alt\wp-blog-header.php(19): require_once('C:\\MAMP\\htdocs\\...')
#17 C:\MAMP\htdocs\Eco-alt\index.php(17): require('C:\\MAMP\\htdocs\\...')
#18 {main}
  thrown in C:\MAMP\htdocs\Eco-alt\wp-content\themes\eco-alt\woocommerce\cart\cart.php on line 69

2022-02-12T22:18:36+00:00 CRITICAL Uncaught Error: Call to a member function get_attribute() on null in C:\MAMP\htdocs\Eco-alt\wp-content\themes\eco-alt\woocommerce\cart\cart.php:69
Stack trace:
#0 C:\MAMP\htdocs\Eco-alt\wp-content\plugins\woocommerce\includes\wc-core-functions.php(345): include()
#1 C:\MAMP\htdocs\Eco-alt\wp-content\plugins\woocommerce\includes\shortcodes\class-wc-shortcode-cart.php(99): wc_get_template('cart/cart.php')
#2 C:\MAMP\htdocs\Eco-alt\wp-content\plugins\woocommerce\includes\class-wc-shortcodes.php(72): WC_Shortcode_Cart::output(Array)
#3 C:\MAMP\htdocs\Eco-alt\wp-content\plugins\woocommerce\includes\class-wc-shortcodes.php(85): WC_Shortcodes::shortcode_wrapper(Array)
#4 C:\MAMP\htdocs\Eco-alt\wp-includes\shortcodes.php(356): WC_Shortcodes::cart('', '', 'woocommerce_car...')
#5 [internal function]: do_shortcode_tag(Array)
#6 C:\MAMP\htdocs\Eco-alt\wp-includes\shortcodes.php(228): preg_replace_callback('/\\[(\\[?)(woocom...', 'do_shortcode_ta...', '[woocommerce_ca...')
#7 C:\MAMP\htdocs\Eco-alt\wp-includes\class-wp-hook.php(303): do_shortcode('[woocommerce_ca...')
#8 C:\MAMP\htdocs\Eco-alt\wp-includes\plugin.php(189): WP_Hook->apply_filters('[woocommerce_ca...', Array)
#9 C:\MAMP\htdocs\Eco-alt\wp-includes\post-template.php(253): apply_filters('the_content', '<!-- wp:shortco...')
#10 C:\MAMP\htdocs\Eco-alt\wp-content\themes\eco-alt\template-parts\content-page.php(21): the_content()
#11 C:\MAMP\htdocs\Eco-alt\wp-includes\template.php(772): require('C:\\MAMP\\htdocs\\...')
#12 C:\MAMP\htdocs\Eco-alt\wp-includes\template.php(716): load_template('C:\\MAMP\\htdocs\\...', false, Array)
#13 C:\MAMP\htdocs\Eco-alt\wp-includes\general-template.php(204): locate_template(Array, true, false, Array)
#14 C:\MAMP\htdocs\Eco-alt\wp-content\themes\eco-alt\page.php(24): get_template_part('template-parts/...', 'page')
#15 C:\MAMP\htdocs\Eco-alt\wp-includes\template-loader.php(106): include('C:\\MAMP\\htdocs\\...')
#16 C:\MAMP\htdocs\Eco-alt\wp-blog-header.php(19): require_once('C:\\MAMP\\htdocs\\...')
#17 C:\MAMP\htdocs\Eco-alt\index.php(17): require('C:\\MAMP\\htdocs\\...')
#18 {main}
  thrown in C:\MAMP\htdocs\Eco-alt\wp-content\themes\eco-alt\woocommerce\cart\cart.php on line 69

2022-02-12T22:20:54+00:00 CRITICAL Uncaught Error: Call to a member function get_attribute() on null in C:\MAMP\htdocs\Eco-alt\wp-content\themes\eco-alt\woocommerce\cart\cart.php:69
Stack trace:
#0 C:\MAMP\htdocs\Eco-alt\wp-content\plugins\woocommerce\includes\wc-core-functions.php(345): include()
#1 C:\MAMP\htdocs\Eco-alt\wp-content\plugins\woocommerce\includes\shortcodes\class-wc-shortcode-cart.php(99): wc_get_template('cart/cart.php')
#2 C:\MAMP\htdocs\Eco-alt\wp-content\plugins\woocommerce\includes\class-wc-shortcodes.php(72): WC_Shortcode_Cart::output(Array)
#3 C:\MAMP\htdocs\Eco-alt\wp-content\plugins\woocommerce\includes\class-wc-shortcodes.php(85): WC_Shortcodes::shortcode_wrapper(Array)
#4 C:\MAMP\htdocs\Eco-alt\wp-includes\shortcodes.php(356): WC_Shortcodes::cart('', '', 'woocommerce_car...')
#5 [internal function]: do_shortcode_tag(Array)
#6 C:\MAMP\htdocs\Eco-alt\wp-includes\shortcodes.php(228): preg_replace_callback('/\\[(\\[?)(woocom...', 'do_shortcode_ta...', '[woocommerce_ca...')
#7 C:\MAMP\htdocs\Eco-alt\wp-includes\class-wp-hook.php(303): do_shortcode('[woocommerce_ca...')
#8 C:\MAMP\htdocs\Eco-alt\wp-includes\plugin.php(189): WP_Hook->apply_filters('[woocommerce_ca...', Array)
#9 C:\MAMP\htdocs\Eco-alt\wp-includes\post-template.php(253): apply_filters('the_content', '<!-- wp:shortco...')
#10 C:\MAMP\htdocs\Eco-alt\wp-content\themes\eco-alt\template-parts\content-page.php(21): the_content()
#11 C:\MAMP\htdocs\Eco-alt\wp-includes\template.php(772): require('C:\\MAMP\\htdocs\\...')
#12 C:\MAMP\htdocs\Eco-alt\wp-includes\template.php(716): load_template('C:\\MAMP\\htdocs\\...', false, Array)
#13 C:\MAMP\htdocs\Eco-alt\wp-includes\general-template.php(204): locate_template(Array, true, false, Array)
#14 C:\MAMP\htdocs\Eco-alt\wp-content\themes\eco-alt\page.php(24): get_template_part('template-parts/...', 'page')
#15 C:\MAMP\htdocs\Eco-alt\wp-includes\template-loader.php(106): include('C:\\MAMP\\htdocs\\...')
#16 C:\MAMP\htdocs\Eco-alt\wp-blog-header.php(19): require_once('C:\\MAMP\\htdocs\\...')
#17 C:\MAMP\htdocs\Eco-alt\index.php(17): require('C:\\MAMP\\htdocs\\...')
#18 {main}
  thrown in C:\MAMP\htdocs\Eco-alt\wp-content\themes\eco-alt\woocommerce\cart\cart.php on line 69

2022-02-12T22:36:31+00:00 CRITICAL Uncaught Error: Call to a member function get_attribute() on null in C:\MAMP\htdocs\Eco-alt\wp-content\themes\eco-alt\woocommerce\cart\cart.php:51
Stack trace:
#0 C:\MAMP\htdocs\Eco-alt\wp-content\plugins\woocommerce\includes\wc-core-functions.php(345): include()
#1 C:\MAMP\htdocs\Eco-alt\wp-content\plugins\woocommerce\includes\shortcodes\class-wc-shortcode-cart.php(99): wc_get_template('cart/cart.php')
#2 C:\MAMP\htdocs\Eco-alt\wp-content\plugins\woocommerce\includes\class-wc-shortcodes.php(72): WC_Shortcode_Cart::output(Array)
#3 C:\MAMP\htdocs\Eco-alt\wp-content\plugins\woocommerce\includes\class-wc-shortcodes.php(85): WC_Shortcodes::shortcode_wrapper(Array)
#4 C:\MAMP\htdocs\Eco-alt\wp-includes\shortcodes.php(356): WC_Shortcodes::cart('', '', 'woocommerce_car...')
#5 [internal function]: do_shortcode_tag(Array)
#6 C:\MAMP\htdocs\Eco-alt\wp-includes\shortcodes.php(228): preg_replace_callback('/\\[(\\[?)(woocom...', 'do_shortcode_ta...', '[woocommerce_ca...')
#7 C:\MAMP\htdocs\Eco-alt\wp-includes\class-wp-hook.php(303): do_shortcode('[woocommerce_ca...')
#8 C:\MAMP\htdocs\Eco-alt\wp-includes\plugin.php(189): WP_Hook->apply_filters('[woocommerce_ca...', Array)
#9 C:\MAMP\htdocs\Eco-alt\wp-includes\post-template.php(253): apply_filters('the_content', '<!-- wp:shortco...')
#10 C:\MAMP\htdocs\Eco-alt\wp-content\themes\eco-alt\template-parts\content-page.php(21): the_content()
#11 C:\MAMP\htdocs\Eco-alt\wp-includes\template.php(772): require('C:\\MAMP\\htdocs\\...')
#12 C:\MAMP\htdocs\Eco-alt\wp-includes\template.php(716): load_template('C:\\MAMP\\htdocs\\...', false, Array)
#13 C:\MAMP\htdocs\Eco-alt\wp-includes\general-template.php(204): locate_template(Array, true, false, Array)
#14 C:\MAMP\htdocs\Eco-alt\wp-content\themes\eco-alt\page.php(24): get_template_part('template-parts/...', 'page')
#15 C:\MAMP\htdocs\Eco-alt\wp-includes\template-loader.php(106): include('C:\\MAMP\\htdocs\\...')
#16 C:\MAMP\htdocs\Eco-alt\wp-blog-header.php(19): require_once('C:\\MAMP\\htdocs\\...')
#17 C:\MAMP\htdocs\Eco-alt\index.php(17): require('C:\\MAMP\\htdocs\\...')
#18 {main}
  thrown in C:\MAMP\htdocs\Eco-alt\wp-content\themes\eco-alt\woocommerce\cart\cart.php on line 51

2022-02-12T22:59:05+00:00 CRITICAL Uncaught Error: Call to a member function get_name() on null in C:\MAMP\htdocs\Eco-alt\wp-content\themes\eco-alt\woocommerce\cart\cart.php:35
Stack trace:
#0 C:\MAMP\htdocs\Eco-alt\wp-content\plugins\woocommerce\includes\wc-core-functions.php(345): include()
#1 C:\MAMP\htdocs\Eco-alt\wp-content\plugins\woocommerce\includes\shortcodes\class-wc-shortcode-cart.php(99): wc_get_template('cart/cart.php')
#2 C:\MAMP\htdocs\Eco-alt\wp-content\plugins\woocommerce\includes\class-wc-shortcodes.php(72): WC_Shortcode_Cart::output(Array)
#3 C:\MAMP\htdocs\Eco-alt\wp-content\plugins\woocommerce\includes\class-wc-shortcodes.php(85): WC_Shortcodes::shortcode_wrapper(Array)
#4 C:\MAMP\htdocs\Eco-alt\wp-includes\shortcodes.php(356): WC_Shortcodes::cart('', '', 'woocommerce_car...')
#5 [internal function]: do_shortcode_tag(Array)
#6 C:\MAMP\htdocs\Eco-alt\wp-includes\shortcodes.php(228): preg_replace_callback('/\\[(\\[?)(woocom...', 'do_shortcode_ta...', '[woocommerce_ca...')
#7 C:\MAMP\htdocs\Eco-alt\wp-includes\class-wp-hook.php(303): do_shortcode('[woocommerce_ca...')
#8 C:\MAMP\htdocs\Eco-alt\wp-includes\plugin.php(189): WP_Hook->apply_filters('[woocommerce_ca...', Array)
#9 C:\MAMP\htdocs\Eco-alt\wp-includes\post-template.php(253): apply_filters('the_content', '<!-- wp:shortco...')
#10 C:\MAMP\htdocs\Eco-alt\wp-content\themes\eco-alt\template-parts\content-page.php(21): the_content()
#11 C:\MAMP\htdocs\Eco-alt\wp-includes\template.php(772): require('C:\\MAMP\\htdocs\\...')
#12 C:\MAMP\htdocs\Eco-alt\wp-includes\template.php(716): load_template('C:\\MAMP\\htdocs\\...', false, Array)
#13 C:\MAMP\htdocs\Eco-alt\wp-includes\general-template.php(204): locate_template(Array, true, false, Array)
#14 C:\MAMP\htdocs\Eco-alt\wp-content\themes\eco-alt\page.php(24): get_template_part('template-parts/...', 'page')
#15 C:\MAMP\htdocs\Eco-alt\wp-includes\template-loader.php(106): include('C:\\MAMP\\htdocs\\...')
#16 C:\MAMP\htdocs\Eco-alt\wp-blog-header.php(19): require_once('C:\\MAMP\\htdocs\\...')
#17 C:\MAMP\htdocs\Eco-alt\index.php(17): require('C:\\MAMP\\htdocs\\...')
#18 {main}
  thrown in C:\MAMP\htdocs\Eco-alt\wp-content\themes\eco-alt\woocommerce\cart\cart.php on line 35

2022-02-12T23:02:01+00:00 CRITICAL Uncaught Error: Cannot use object of type WC_Product_Simple as array in C:\MAMP\htdocs\Eco-alt\wp-content\themes\eco-alt\woocommerce\cart\cart.php:35
Stack trace:
#0 C:\MAMP\htdocs\Eco-alt\wp-content\plugins\woocommerce\includes\wc-core-functions.php(345): include()
#1 C:\MAMP\htdocs\Eco-alt\wp-content\plugins\woocommerce\includes\shortcodes\class-wc-shortcode-cart.php(99): wc_get_template('cart/cart.php')
#2 C:\MAMP\htdocs\Eco-alt\wp-content\plugins\woocommerce\includes\class-wc-shortcodes.php(72): WC_Shortcode_Cart::output(Array)
#3 C:\MAMP\htdocs\Eco-alt\wp-content\plugins\woocommerce\includes\class-wc-shortcodes.php(85): WC_Shortcodes::shortcode_wrapper(Array)
#4 C:\MAMP\htdocs\Eco-alt\wp-includes\shortcodes.php(356): WC_Shortcodes::cart('', '', 'woocommerce_car...')
#5 [internal function]: do_shortcode_tag(Array)
#6 C:\MAMP\htdocs\Eco-alt\wp-includes\shortcodes.php(228): preg_replace_callback('/\\[(\\[?)(woocom...', 'do_shortcode_ta...', '[woocommerce_ca...')
#7 C:\MAMP\htdocs\Eco-alt\wp-includes\class-wp-hook.php(303): do_shortcode('[woocommerce_ca...')
#8 C:\MAMP\htdocs\Eco-alt\wp-includes\plugin.php(189): WP_Hook->apply_filters('[woocommerce_ca...', Array)
#9 C:\MAMP\htdocs\Eco-alt\wp-includes\post-template.php(253): apply_filters('the_content', '<!-- wp:shortco...')
#10 C:\MAMP\htdocs\Eco-alt\wp-content\themes\eco-alt\template-parts\content-page.php(21): the_content()
#11 C:\MAMP\htdocs\Eco-alt\wp-includes\template.php(772): require('C:\\MAMP\\htdocs\\...')
#12 C:\MAMP\htdocs\Eco-alt\wp-includes\template.php(716): load_template('C:\\MAMP\\htdocs\\...', false, Array)
#13 C:\MAMP\htdocs\Eco-alt\wp-includes\general-template.php(204): locate_template(Array, true, false, Array)
#14 C:\MAMP\htdocs\Eco-alt\wp-content\themes\eco-alt\page.php(24): get_template_part('template-parts/...', 'page')
#15 C:\MAMP\htdocs\Eco-alt\wp-includes\template-loader.php(106): include('C:\\MAMP\\htdocs\\...')
#16 C:\MAMP\htdocs\Eco-alt\wp-blog-header.php(19): require_once('C:\\MAMP\\htdocs\\...')
#17 C:\MAMP\htdocs\Eco-alt\index.php(17): require('C:\\MAMP\\htdocs\\...')
#18 {main}
  thrown in C:\MAMP\htdocs\Eco-alt\wp-content\themes\eco-alt\woocommerce\cart\cart.php on line 35

